<?xml version="1.0" encoding="UTF-8"?>
<testsuite name="org.egov.tradelicence.service.TradeLicenceMasterServiceTest" time="0.079" tests="3" errors="1" skipped="0" failures="2">
  <properties>
[...]
</properties>
  <testcase name="createCategory" classname="org.egov.tradelicence.service.TradeLicenceMasterServiceTest" time="0.069">
    <failure type="java.lang.AssertionError:">java.lang.AssertionError: null
	at org.junit.Assert.fail(Assert.java:86)
	at org.junit.Assert.assertTrue(Assert.java:41)
	at org.junit.Assert.assertTrue(Assert.java:52)
	at org.egov.tradelicence.service.TradeLicenceMasterServiceTest.createCategory(TradeLicenceMasterServiceTest.java:77)
</failure>
    <system-out><![CDATA[2017-07-19 15:26:32.569  INFO 4684 --- [           main] o.s.t.c.support.AbstractContextLoader    : Could not detect default resource locations for test class [org.egov.tradelicence.service.TradeLicenceMasterServiceTest]: no resource found for suffixes {-context.xml, Context.groovy}.
2017-07-19 15:26:32.586  INFO 4684 --- [           main] .b.t.c.SpringBootTestContextBootstrapper : Loaded default TestExecutionListener class names from location [META-INF/spring.factories]: [org.springframework.boot.test.mock.mockito.MockitoTestExecutionListener, org.springframework.boot.test.mock.mockito.ResetMocksTestExecutionListener, org.springframework.boot.test.autoconfigure.restdocs.RestDocsTestExecutionListener, org.springframework.boot.test.autoconfigure.web.client.MockRestServiceServerResetTestExecutionListener, org.springframework.boot.test.autoconfigure.web.servlet.MockMvcPrintOnlyOnFailureTestExecutionListener, org.springframework.boot.test.autoconfigure.web.servlet.WebDriverTestExecutionListener, org.springframework.test.context.web.ServletTestExecutionListener, org.springframework.test.context.support.DirtiesContextBeforeModesTestExecutionListener, org.springframework.test.context.support.DependencyInjectionTestExecutionListener, org.springframework.test.context.support.DirtiesContextTestExecutionListener, org.springframework.test.context.transaction.TransactionalTestExecutionListener, org.springframework.test.context.jdbc.SqlScriptsTestExecutionListener]
2017-07-19 15:26:32.626  INFO 4684 --- [           main] .b.t.c.SpringBootTestContextBootstrapper : Using TestExecutionListeners: [org.springframework.test.context.web.ServletTestExecutionListener@78830d9a, org.springframework.test.context.support.DirtiesContextBeforeModesTestExecutionListener@5ce4369b, org.springframework.boot.test.autoconfigure.SpringBootDependencyInjectionTestExecutionListener@7f829c76, org.springframework.test.context.support.DirtiesContextTestExecutionListener@1cb19dba, org.springframework.test.context.transaction.TransactionalTestExecutionListener@7c3ebc6b, org.springframework.test.context.jdbc.SqlScriptsTestExecutionListener@1931d99, org.springframework.boot.test.mock.mockito.MockitoTestExecutionListener@6a9950f1, org.springframework.boot.test.autoconfigure.web.client.MockRestServiceServerResetTestExecutionListener@7ad54c55, org.springframework.boot.test.mock.mockito.ResetMocksTestExecutionListener@73017a80, org.springframework.boot.test.autoconfigure.restdocs.RestDocsTestExecutionListener@6ae7deac, org.springframework.boot.test.autoconfigure.web.servlet.MockMvcPrintOnlyOnFailureTestExecutionListener@4a5905d9, org.springframework.boot.test.autoconfigure.web.servlet.WebDriverTestExecutionListener@1a3e5f23]

  .   ____          _            __ _ _
 /\\ / ___'_ __ _ _(_)_ __  __ _ \ \ \ \
( ( )\___ | '_ | '_| | '_ \/ _` | \ \ \ \
 \\/  ___)| |_)| | | | | || (_| |  ) ) ) )
  '  |____| .__|_| |_|_| |_\__, | / / / /
 =========|_|==============|___/=/_/_/_/
 :: Spring Boot ::        (v1.5.3.RELEASE)

2017-07-19 15:26:32.722  INFO 4684 --- [           main] o.e.t.s.TradeLicenceMasterServiceTest    : Starting TradeLicenceMasterServiceTest on PavanWTC-PC with PID 4684 (started by PavanWTC in D:\Pavan\pavanworkspace\tl-tradelicense)
2017-07-19 15:26:32.722  INFO 4684 --- [           main] o.e.t.s.TradeLicenceMasterServiceTest    : No active profile set, falling back to default profiles: default
2017-07-19 15:26:32.727  INFO 4684 --- [           main] o.s.w.c.s.GenericWebApplicationContext   : Refreshing org.springframework.web.context.support.GenericWebApplicationContext@c6a6c1d: startup date [Wed Jul 19 15:26:32 IST 2017]; root of context hierarchy
2017-07-19 15:26:34.607  INFO 4684 --- [           main] s.w.s.m.m.a.RequestMappingHandlerMapping : Mapped "{[/tradelicence/category/_create],methods=[POST]}" onto public org.egov.models.CategoryResponse org.egov.tradelicence.controller.TradeLicenceMasterController.craeateCategoryMaster(java.lang.String,org.egov.models.CategoryRequest)
2017-07-19 15:26:34.607  INFO 4684 --- [           main] s.w.s.m.m.a.RequestMappingHandlerMapping : Mapped "{[/tradelicence/category/_update],methods=[POST]}" onto public org.egov.models.CategoryResponse org.egov.tradelicence.controller.TradeLicenceMasterController.updateCategoryMaster(org.egov.models.CategoryRequest)
2017-07-19 15:26:34.607  INFO 4684 --- [           main] s.w.s.m.m.a.RequestMappingHandlerMapping : Mapped "{[/tradelicence/category/_search],methods=[POST]}" onto public org.egov.models.CategoryResponse org.egov.tradelicence.controller.TradeLicenceMasterController.getCategoryMaster(org.egov.models.RequestInfoWrapper,java.lang.String,java.lang.Integer[],java.lang.String,java.lang.String,java.lang.Integer,java.lang.Integer) throws java.lang.Exception
2017-07-19 15:26:34.611  INFO 4684 --- [           main] s.w.s.m.m.a.RequestMappingHandlerMapping : Mapped "{[/error]}" onto public org.springframework.http.ResponseEntity<java.util.Map<java.lang.String, java.lang.Object>> org.springframework.boot.autoconfigure.web.BasicErrorController.error(javax.servlet.http.HttpServletRequest)
2017-07-19 15:26:34.612  INFO 4684 --- [           main] s.w.s.m.m.a.RequestMappingHandlerMapping : Mapped "{[/error],produces=[text/html]}" onto public org.springframework.web.servlet.ModelAndView org.springframework.boot.autoconfigure.web.BasicErrorController.errorHtml(javax.servlet.http.HttpServletRequest,javax.servlet.http.HttpServletResponse)
2017-07-19 15:26:34.760  INFO 4684 --- [           main] s.w.s.m.m.a.RequestMappingHandlerAdapter : Looking for @ControllerAdvice: org.springframework.web.context.support.GenericWebApplicationContext@c6a6c1d: startup date [Wed Jul 19 15:26:32 IST 2017]; root of context hierarchy
2017-07-19 15:26:35.841  INFO 4684 --- [           main] o.f.core.internal.util.VersionPrinter    : Flyway 3.2.1 by Boxfuse
2017-07-19 15:26:36.322  INFO 4684 --- [           main] o.f.c.i.dbsupport.DbSupportFactory       : Database: jdbc:postgresql://localhost:5432/postgres (PostgreSQL 9.6)
2017-07-19 15:26:36.454  INFO 4684 --- [           main] o.f.core.internal.command.DbValidate     : Validated 6 migrations (execution time 00:00.050s)
2017-07-19 15:26:36.502  INFO 4684 --- [           main] o.f.core.internal.command.DbMigrate      : Current version of schema "public": 20170718040259
2017-07-19 15:26:36.504  INFO 4684 --- [           main] o.f.core.internal.command.DbMigrate      : Schema "public" is up to date. No migration necessary.
2017-07-19 15:26:36.844  INFO 4684 --- [           main] o.e.t.s.TradeLicenceMasterServiceTest    : Started TradeLicenceMasterServiceTest in 4.206 seconds (JVM running for 9.334)
]]></system-out>
  </testcase>
  <testcase name="modifyCategory" classname="org.egov.tradelicence.service.TradeLicenceMasterServiceTest" time="0.002">
    <failure type="java.lang.AssertionError:">java.lang.AssertionError: null
	at org.junit.Assert.fail(Assert.java:86)
	at org.junit.Assert.assertTrue(Assert.java:41)
	at org.junit.Assert.assertTrue(Assert.java:52)
	at org.egov.tradelicence.service.TradeLicenceMasterServiceTest.modifyCategory(TradeLicenceMasterServiceTest.java:116)
</failure>
  </testcase>
  <testcase name="searchCategory" classname="org.egov.tradelicence.service.TradeLicenceMasterServiceTest" time="0.008">
    <error type="java.lang.NullPointerException:">java.lang.NullPointerException: null
	at org.egov.tradelicence.service.TradeLicenceMasterServiceTest.searchCategory(TradeLicenceMasterServiceTest.java:127)
</error>
  </testcase>
</testsuite>